<?xml version="1.0" encoding="UTF-8"?>
<!-- Generated by org.testng.reporters.JUnitReportReporter -->
<testsuite skipped="0" hostname="arka2-PC" name="Scripts.TestProductEdition" tests="1" failures="0" timestamp="09 Feb 2021 07:27:41 GMT" time="10.079" errors="0">
  <testcase name="TestProductEdition" time="10.079" classname="Scripts.TestProductEdition"/>
</testsuite> <!-- Scripts.TestProductEdition -->
