<?xml version="1.0" encoding="UTF-8"?>
<!-- Generated by org.testng.reporters.JUnitReportReporter -->
<testsuite skipped="0" hostname="arka2-PC" name="Scripts.TestLoginPage" tests="1" failures="0" timestamp="09 Feb 2021 07:27:41 GMT" time="35.706" errors="0">
  <testcase name="validloginpage" time="35.706" classname="Scripts.TestLoginPage"/>
</testsuite> <!-- Scripts.TestLoginPage -->
